android/app/build/intermediates/manifest_merge_blame_file/release/manifest-merger-blame-release-report.txt
1<?xml version="1.0" encoding="utf-8"?>
2<manifest xmlns:android="http://schemas.android.com/apk/res/android"
3    package="com.soccerapp"
4    android:versionCode="1"
5    android:versionName="1.0" >
6
7    <uses-sdk
8        android:minSdkVersion="21"
8-->src\main\AndroidManifest.xml
9        android:targetSdkVersion="33" />
9-->src\main\AndroidManifest.xml
10
11    <uses-permission android:name="android.permission.INTERNET" />
11-->src\main\AndroidManifest.xml:3:5-67
11-->src\main\AndroidManifest.xml:3:22-64
12    <uses-permission android:name="android.permission.WRITE_EXTERNAL_STORAGE" />
12-->src\main\AndroidManifest.xml:4:1-77
12-->src\main\AndroidManifest.xml:4:18-74
13    <uses-permission android:name="android.permission.ACCESS_NETWORK_STATE" />
13-->[:react-native-community_netinfo] AndroidManifest.xml:7:5-79
13-->[:react-native-community_netinfo] AndroidManifest.xml:7:22-76
14    <uses-permission android:name="android.permission.ACCESS_WIFI_STATE" />
14-->[:react-native-community_netinfo] AndroidManifest.xml:8:5-76
14-->[:react-native-community_netinfo] AndroidManifest.xml:8:22-73
15    <uses-permission android:name="android.permission.READ_EXTERNAL_STORAGE" /> <!-- See https://developer.android.com/training/package-visibility/declaring for more details. -->
16    <queries>
16-->[com.stripe:financial-connections:20.34.4] AndroidManifest.xml:10:5-18:15
17
18        <!-- Added to check the default browser that will host the AuthFlow. -->
19        <intent>
19-->[com.stripe:financial-connections:20.34.4] AndroidManifest.xml:13:9-17:18
20            <action android:name="android.intent.action.VIEW" />
20-->[com.stripe:financial-connections:20.34.4] AndroidManifest.xml:14:13-65
20-->[com.stripe:financial-connections:20.34.4] AndroidManifest.xml:14:21-62
21
22            <data android:scheme="http" />
22-->[com.stripe:financial-connections:20.34.4] AndroidManifest.xml:16:13-43
22-->[com.stripe:financial-connections:20.34.4] AndroidManifest.xml:16:19-40
23        </intent>
24        <!-- Added to check if Chrome is installed for browser-based payment authentication (e.g. 3DS1). -->
25        <package android:name="com.android.chrome" /> <!-- Needs to be explicitly declared on Android R+ -->
25-->[com.stripe:payments-core:20.34.4] AndroidManifest.xml:11:9-54
25-->[com.stripe:payments-core:20.34.4] AndroidManifest.xml:11:18-51
26        <package android:name="com.google.android.apps.maps" />
26-->[com.google.android.gms:play-services-maps:18.0.2] AndroidManifest.xml:33:9-64
26-->[com.google.android.gms:play-services-maps:18.0.2] AndroidManifest.xml:33:18-61
27    </queries> <!-- Required by older versions of Google Play services to create IID tokens -->
28    <uses-permission android:name="com.google.android.c2dm.permission.RECEIVE" />
28-->[com.google.android.gms:play-services-iid:17.0.0] AndroidManifest.xml:23:5-82
28-->[com.google.android.gms:play-services-iid:17.0.0] AndroidManifest.xml:23:22-79
29
30    <uses-feature
30-->[com.google.android.gms:play-services-maps:18.0.2] AndroidManifest.xml:26:5-28:35
31        android:glEsVersion="0x00020000"
31-->[com.google.android.gms:play-services-maps:18.0.2] AndroidManifest.xml:27:9-41
32        android:required="true" />
32-->[com.google.android.gms:play-services-maps:18.0.2] AndroidManifest.xml:28:9-32
33
34    <permission
34-->[androidx.core:core:1.10.0] AndroidManifest.xml:22:5-24:47
35        android:name="com.soccerapp.DYNAMIC_RECEIVER_NOT_EXPORTED_PERMISSION"
35-->[androidx.core:core:1.10.0] AndroidManifest.xml:23:9-81
36        android:protectionLevel="signature" />
36-->[androidx.core:core:1.10.0] AndroidManifest.xml:24:9-44
37
38    <uses-permission android:name="com.soccerapp.DYNAMIC_RECEIVER_NOT_EXPORTED_PERMISSION" />
38-->[androidx.core:core:1.10.0] AndroidManifest.xml:26:5-97
38-->[androidx.core:core:1.10.0] AndroidManifest.xml:26:22-94
39    <uses-permission android:name="com.google.android.finsky.permission.BIND_GET_INSTALL_REFERRER_SERVICE" />
39-->[com.android.installreferrer:installreferrer:1.1.2] AndroidManifest.xml:9:5-110
39-->[com.android.installreferrer:installreferrer:1.1.2] AndroidManifest.xml:9:22-107
40
41    <application
41-->src\main\AndroidManifest.xml:6:5-29:19
42        android:name="com.soccerapp.MainApplication"
42-->src\main\AndroidManifest.xml:7:7-38
43        android:allowBackup="false"
43-->src\main\AndroidManifest.xml:11:7-34
44        android:appComponentFactory="androidx.core.app.CoreComponentFactory"
44-->[androidx.core:core:1.10.0] AndroidManifest.xml:28:18-86
45        android:icon="@mipmap/ic_launcher"
45-->src\main\AndroidManifest.xml:9:7-41
46        android:label="@string/app_name"
46-->src\main\AndroidManifest.xml:8:7-39
47        android:roundIcon="@mipmap/ic_launcher_round"
47-->src\main\AndroidManifest.xml:10:7-52
48        android:theme="@style/AppTheme"
48-->src\main\AndroidManifest.xml:12:7-38
49        android:usesCleartextTraffic="true" >
49-->src\main\AndroidManifest.xml:13:7-42
50        <activity
50-->src\main\AndroidManifest.xml:14:7-25:18
51            android:name="com.soccerapp.MainActivity"
51-->src\main\AndroidManifest.xml:15:9-37
52            android:configChanges="keyboard|keyboardHidden|orientation|screenLayout|screenSize|smallestScreenSize|uiMode"
52-->src\main\AndroidManifest.xml:17:9-118
53            android:exported="true"
53-->src\main\AndroidManifest.xml:20:9-32
54            android:label="@string/app_name"
54-->src\main\AndroidManifest.xml:16:9-41
55            android:launchMode="singleTask"
55-->src\main\AndroidManifest.xml:18:9-40
56            android:windowSoftInputMode="adjustResize" >
56-->src\main\AndroidManifest.xml:19:9-51
57            <intent-filter>
57-->src\main\AndroidManifest.xml:21:9-24:25
58                <action android:name="android.intent.action.MAIN" />
58-->src\main\AndroidManifest.xml:22:13-65
58-->src\main\AndroidManifest.xml:22:21-62
59
60                <category android:name="android.intent.category.LAUNCHER" />
60-->src\main\AndroidManifest.xml:23:13-73
60-->src\main\AndroidManifest.xml:23:23-70
61            </intent-filter>
62        </activity>
63
64        <meta-data
64-->src\main\AndroidManifest.xml:26:8-28:28
65            android:name="com.google.android.gms.wallet.api.enabled"
65-->src\main\AndroidManifest.xml:27:5-61
66            android:value="true" />
66-->src\main\AndroidManifest.xml:28:5-25
67
68        <activity
68-->[com.stripe:financial-connections:20.34.4] AndroidManifest.xml:21:9-65:20
69            android:name="com.stripe.android.financialconnections.FinancialConnectionsSheetRedirectActivity"
69-->[com.stripe:financial-connections:20.34.4] AndroidManifest.xml:22:13-109
70            android:exported="true"
70-->[com.stripe:financial-connections:20.34.4] AndroidManifest.xml:23:13-36
71            android:launchMode="singleTask" >
71-->[com.stripe:financial-connections:20.34.4] AndroidManifest.xml:24:13-44
72            <intent-filter>
72-->[com.stripe:financial-connections:20.34.4] AndroidManifest.xml:25:13-64:29
73                <action android:name="android.intent.action.VIEW" />
73-->[com.stripe:financial-connections:20.34.4] AndroidManifest.xml:14:13-65
73-->[com.stripe:financial-connections:20.34.4] AndroidManifest.xml:14:21-62
74
75                <category android:name="android.intent.category.DEFAULT" />
75-->[com.stripe:financial-connections:20.34.4] AndroidManifest.xml:28:17-76
75-->[com.stripe:financial-connections:20.34.4] AndroidManifest.xml:28:27-73
76                <category android:name="android.intent.category.BROWSABLE" />
76-->[com.stripe:financial-connections:20.34.4] AndroidManifest.xml:29:17-78
76-->[com.stripe:financial-connections:20.34.4] AndroidManifest.xml:29:27-75
77
78                <!-- Returning from app2app: return_url is triggered to reopen web AuthFlow and poll accounts. -->
79                <data
79-->[com.stripe:financial-connections:20.34.4] AndroidManifest.xml:16:13-43
80                    android:host="link-accounts"
81                    android:pathPrefix="/com.soccerapp/authentication_return"
82                    android:scheme="stripe-auth" />
82-->[com.stripe:financial-connections:20.34.4] AndroidManifest.xml:16:19-40
83
84                <!-- Returning from app2app: return_url is triggered to reopen native AuthFlow and poll accounts. -->
85                <data
85-->[com.stripe:financial-connections:20.34.4] AndroidManifest.xml:16:13-43
86                    android:host="link-native-accounts"
87                    android:pathPrefix="/com.soccerapp/authentication_return"
88                    android:scheme="stripe-auth" />
88-->[com.stripe:financial-connections:20.34.4] AndroidManifest.xml:16:19-40
89
90                <!-- End of web AuthFlow success and cancel URIs that begin with "stripe-auth://link-accounts/{app-id}/...” -->
91                <data
91-->[com.stripe:financial-connections:20.34.4] AndroidManifest.xml:16:13-43
92                    android:host="link-accounts"
93                    android:path="/com.soccerapp/success"
94                    android:scheme="stripe-auth" />
94-->[com.stripe:financial-connections:20.34.4] AndroidManifest.xml:16:19-40
95                <data
95-->[com.stripe:financial-connections:20.34.4] AndroidManifest.xml:16:13-43
96                    android:host="link-accounts"
97                    android:path="/com.soccerapp/cancel"
98                    android:scheme="stripe-auth" />
98-->[com.stripe:financial-connections:20.34.4] AndroidManifest.xml:16:19-40
99
100                <!-- Opening app2app: Web flow triggers stripe-auth://native-redirect/{app-id}/http://web-that-redirects-to-native -->
101                <data
101-->[com.stripe:financial-connections:20.34.4] AndroidManifest.xml:16:13-43
102                    android:host="native-redirect"
103                    android:pathPrefix="/com.soccerapp"
104                    android:scheme="stripe-auth" />
104-->[com.stripe:financial-connections:20.34.4] AndroidManifest.xml:16:19-40
105
106                <!-- Accepts success/cancel/fail URIs that begin with "stripe://auth-redirect” -->
107                <data
107-->[com.stripe:financial-connections:20.34.4] AndroidManifest.xml:16:13-43
108                    android:host="auth-redirect"
109                    android:pathPrefix="/com.soccerapp"
110                    android:scheme="stripe" />
110-->[com.stripe:financial-connections:20.34.4] AndroidManifest.xml:16:19-40
111            </intent-filter>
112        </activity>
113        <activity
113-->[com.stripe:financial-connections:20.34.4] AndroidManifest.xml:66:9-69:57
114            android:name="com.stripe.android.financialconnections.FinancialConnectionsSheetActivity"
114-->[com.stripe:financial-connections:20.34.4] AndroidManifest.xml:67:13-101
115            android:exported="false"
115-->[com.stripe:financial-connections:20.34.4] AndroidManifest.xml:68:13-37
116            android:theme="@style/StripeDefaultTheme" />
116-->[com.stripe:financial-connections:20.34.4] AndroidManifest.xml:69:13-54
117        <activity
117-->[com.stripe:financial-connections:20.34.4] AndroidManifest.xml:70:9-74:58
118            android:name="com.stripe.android.financialconnections.ui.FinancialConnectionsSheetNativeActivity"
118-->[com.stripe:financial-connections:20.34.4] AndroidManifest.xml:71:13-110
119            android:exported="false"
119-->[com.stripe:financial-connections:20.34.4] AndroidManifest.xml:72:13-37
120            android:theme="@style/StripeDefaultTheme"
120-->[com.stripe:financial-connections:20.34.4] AndroidManifest.xml:73:13-54
121            android:windowSoftInputMode="adjustResize" />
121-->[com.stripe:financial-connections:20.34.4] AndroidManifest.xml:74:13-55
122
123        <provider
123-->[com.stripe:financial-connections:20.34.4] AndroidManifest.xml:76:9-80:43
124            android:name="com.stripe.android.financialconnections.appinitializer.FinancialConnectionsInitializer"
124-->[com.stripe:financial-connections:20.34.4] AndroidManifest.xml:77:13-114
125            android:authorities="com.soccerapp.financialconnections-init"
125-->[com.stripe:financial-connections:20.34.4] AndroidManifest.xml:78:13-77
126            android:exported="false"
126-->[com.stripe:financial-connections:20.34.4] AndroidManifest.xml:79:13-37
127            android:multiprocess="true" />
127-->[com.stripe:financial-connections:20.34.4] AndroidManifest.xml:80:13-40
128
129        <activity
129-->[com.stripe:paymentsheet:20.34.4] AndroidManifest.xml:8:9-12:58
130            android:name="com.stripe.android.paymentsheet.PaymentSheetActivity"
130-->[com.stripe:paymentsheet:20.34.4] AndroidManifest.xml:9:13-80
131            android:exported="false"
131-->[com.stripe:paymentsheet:20.34.4] AndroidManifest.xml:10:13-37
132            android:theme="@style/StripePaymentSheetDefaultTheme"
132-->[com.stripe:paymentsheet:20.34.4] AndroidManifest.xml:11:13-66
133            android:windowSoftInputMode="adjustResize" />
133-->[com.stripe:paymentsheet:20.34.4] AndroidManifest.xml:12:13-55
134        <activity
134-->[com.stripe:paymentsheet:20.34.4] AndroidManifest.xml:13:9-17:58
135            android:name="com.stripe.android.paymentsheet.PaymentOptionsActivity"
135-->[com.stripe:paymentsheet:20.34.4] AndroidManifest.xml:14:13-82
136            android:exported="false"
136-->[com.stripe:paymentsheet:20.34.4] AndroidManifest.xml:15:13-37
137            android:theme="@style/StripePaymentSheetDefaultTheme"
137-->[com.stripe:paymentsheet:20.34.4] AndroidManifest.xml:16:13-66
138            android:windowSoftInputMode="adjustResize" />
138-->[com.stripe:paymentsheet:20.34.4] AndroidManifest.xml:17:13-55
139        <activity
139-->[com.stripe:paymentsheet:20.34.4] AndroidManifest.xml:18:9-22:58
140            android:name="com.stripe.android.customersheet.CustomerSheetActivity"
140-->[com.stripe:paymentsheet:20.34.4] AndroidManifest.xml:19:13-82
141            android:exported="false"
141-->[com.stripe:paymentsheet:20.34.4] AndroidManifest.xml:20:13-37
142            android:theme="@style/StripePaymentSheetDefaultTheme"
142-->[com.stripe:paymentsheet:20.34.4] AndroidManifest.xml:21:13-66
143            android:windowSoftInputMode="adjustResize" />
143-->[com.stripe:paymentsheet:20.34.4] AndroidManifest.xml:22:13-55
144        <activity
144-->[com.stripe:paymentsheet:20.34.4] AndroidManifest.xml:23:9-26:69
145            android:name="com.stripe.android.paymentsheet.addresselement.AddressElementActivity"
145-->[com.stripe:paymentsheet:20.34.4] AndroidManifest.xml:24:13-97
146            android:exported="false"
146-->[com.stripe:paymentsheet:20.34.4] AndroidManifest.xml:25:13-37
147            android:theme="@style/StripePaymentSheetDefaultTheme" />
147-->[com.stripe:paymentsheet:20.34.4] AndroidManifest.xml:26:13-66
148        <activity
148-->[com.stripe:paymentsheet:20.34.4] AndroidManifest.xml:27:9-30:69
149            android:name="com.stripe.android.paymentsheet.paymentdatacollection.bacs.BacsMandateConfirmationActivity"
149-->[com.stripe:paymentsheet:20.34.4] AndroidManifest.xml:28:13-118
150            android:exported="false"
150-->[com.stripe:paymentsheet:20.34.4] AndroidManifest.xml:29:13-37
151            android:theme="@style/StripePaymentSheetDefaultTheme" />
151-->[com.stripe:paymentsheet:20.34.4] AndroidManifest.xml:30:13-66
152        <activity
152-->[com.stripe:paymentsheet:20.34.4] AndroidManifest.xml:31:9-34:69
153            android:name="com.stripe.android.paymentsheet.paymentdatacollection.polling.PollingActivity"
153-->[com.stripe:paymentsheet:20.34.4] AndroidManifest.xml:32:13-105
154            android:exported="false"
154-->[com.stripe:paymentsheet:20.34.4] AndroidManifest.xml:33:13-37
155            android:theme="@style/StripePaymentSheetDefaultTheme" />
155-->[com.stripe:paymentsheet:20.34.4] AndroidManifest.xml:34:13-66
156        <activity
156-->[com.stripe:paymentsheet:20.34.4] AndroidManifest.xml:35:9-38:69
157            android:name="com.stripe.android.paymentsheet.ui.SepaMandateActivity"
157-->[com.stripe:paymentsheet:20.34.4] AndroidManifest.xml:36:13-82
158            android:exported="false"
158-->[com.stripe:paymentsheet:20.34.4] AndroidManifest.xml:37:13-37
159            android:theme="@style/StripePaymentSheetDefaultTheme" />
159-->[com.stripe:paymentsheet:20.34.4] AndroidManifest.xml:38:13-66
160        <activity
160-->[com.stripe:link:20.34.4] AndroidManifest.xml:8:9-13:61
161            android:name="com.stripe.android.link.LinkForegroundActivity"
161-->[com.stripe:link:20.34.4] AndroidManifest.xml:9:13-74
162            android:autoRemoveFromRecents="true"
162-->[com.stripe:link:20.34.4] AndroidManifest.xml:10:13-49
163            android:configChanges="orientation|keyboard|keyboardHidden|screenLayout|screenSize|smallestScreenSize"
163-->[com.stripe:link:20.34.4] AndroidManifest.xml:11:13-115
164            android:launchMode="singleTop"
164-->[com.stripe:link:20.34.4] AndroidManifest.xml:12:13-43
165            android:theme="@style/StripeTransparentTheme" />
165-->[com.stripe:link:20.34.4] AndroidManifest.xml:13:13-58
166        <activity
166-->[com.stripe:link:20.34.4] AndroidManifest.xml:14:9-31:20
167            android:name="com.stripe.android.link.LinkRedirectHandlerActivity"
167-->[com.stripe:link:20.34.4] AndroidManifest.xml:15:13-79
168            android:autoRemoveFromRecents="true"
168-->[com.stripe:link:20.34.4] AndroidManifest.xml:16:13-49
169            android:exported="true"
169-->[com.stripe:link:20.34.4] AndroidManifest.xml:17:13-36
170            android:launchMode="singleInstance"
170-->[com.stripe:link:20.34.4] AndroidManifest.xml:18:13-48
171            android:theme="@style/StripeTransparentTheme" >
171-->[com.stripe:link:20.34.4] AndroidManifest.xml:19:13-58
172            <intent-filter>
172-->[com.stripe:link:20.34.4] AndroidManifest.xml:20:13-30:29
173                <action android:name="android.intent.action.VIEW" />
173-->[com.stripe:financial-connections:20.34.4] AndroidManifest.xml:14:13-65
173-->[com.stripe:financial-connections:20.34.4] AndroidManifest.xml:14:21-62
174
175                <category android:name="android.intent.category.DEFAULT" />
175-->[com.stripe:financial-connections:20.34.4] AndroidManifest.xml:28:17-76
175-->[com.stripe:financial-connections:20.34.4] AndroidManifest.xml:28:27-73
176                <category android:name="android.intent.category.BROWSABLE" />
176-->[com.stripe:financial-connections:20.34.4] AndroidManifest.xml:29:17-78
176-->[com.stripe:financial-connections:20.34.4] AndroidManifest.xml:29:27-75
177
178                <data
178-->[com.stripe:financial-connections:20.34.4] AndroidManifest.xml:16:13-43
179                    android:host="complete"
180                    android:path="/com.soccerapp"
181                    android:scheme="link-popup" />
181-->[com.stripe:financial-connections:20.34.4] AndroidManifest.xml:16:19-40
182            </intent-filter>
183        </activity>
184        <activity
184-->[com.stripe:payments-ui-core:20.34.4] AndroidManifest.xml:8:9-11:69
185            android:name="com.stripe.android.ui.core.cardscan.CardScanActivity"
185-->[com.stripe:payments-ui-core:20.34.4] AndroidManifest.xml:9:13-80
186            android:exported="false"
186-->[com.stripe:payments-ui-core:20.34.4] AndroidManifest.xml:10:13-37
187            android:theme="@style/StripePaymentSheetDefaultTheme" />
187-->[com.stripe:payments-ui-core:20.34.4] AndroidManifest.xml:11:13-66
188        <activity
188-->[com.stripe:payments-core:20.34.4] AndroidManifest.xml:15:9-18:57
189            android:name="com.stripe.android.view.AddPaymentMethodActivity"
189-->[com.stripe:payments-core:20.34.4] AndroidManifest.xml:16:13-76
190            android:exported="false"
190-->[com.stripe:payments-core:20.34.4] AndroidManifest.xml:17:13-37
191            android:theme="@style/StripeDefaultTheme" />
191-->[com.stripe:payments-core:20.34.4] AndroidManifest.xml:18:13-54
192        <activity
192-->[com.stripe:payments-core:20.34.4] AndroidManifest.xml:19:9-22:57
193            android:name="com.stripe.android.view.PaymentMethodsActivity"
193-->[com.stripe:payments-core:20.34.4] AndroidManifest.xml:20:13-74
194            android:exported="false"
194-->[com.stripe:payments-core:20.34.4] AndroidManifest.xml:21:13-37
195            android:theme="@style/StripeDefaultTheme" />
195-->[com.stripe:payments-core:20.34.4] AndroidManifest.xml:22:13-54
196        <activity
196-->[com.stripe:payments-core:20.34.4] AndroidManifest.xml:23:9-26:57
197            android:name="com.stripe.android.view.PaymentFlowActivity"
197-->[com.stripe:payments-core:20.34.4] AndroidManifest.xml:24:13-71
198            android:exported="false"
198-->[com.stripe:payments-core:20.34.4] AndroidManifest.xml:25:13-37
199            android:theme="@style/StripeDefaultTheme" />
199-->[com.stripe:payments-core:20.34.4] AndroidManifest.xml:26:13-54
200        <activity
200-->[com.stripe:payments-core:20.34.4] AndroidManifest.xml:27:9-31:58
201            android:name="com.stripe.android.view.PaymentAuthWebViewActivity"
201-->[com.stripe:payments-core:20.34.4] AndroidManifest.xml:28:13-78
202            android:exported="false"
202-->[com.stripe:payments-core:20.34.4] AndroidManifest.xml:29:13-37
203            android:theme="@style/StripeDefaultTheme"
203-->[com.stripe:payments-core:20.34.4] AndroidManifest.xml:30:13-54
204            android:windowSoftInputMode="adjustResize" />
204-->[com.stripe:payments-core:20.34.4] AndroidManifest.xml:31:13-55
205        <activity
205-->[com.stripe:payments-core:20.34.4] AndroidManifest.xml:32:9-35:61
206            android:name="com.stripe.android.view.PaymentRelayActivity"
206-->[com.stripe:payments-core:20.34.4] AndroidManifest.xml:33:13-72
207            android:exported="false"
207-->[com.stripe:payments-core:20.34.4] AndroidManifest.xml:34:13-37
208            android:theme="@style/StripeTransparentTheme" />
208-->[com.stripe:payments-core:20.34.4] AndroidManifest.xml:35:13-58
209        <!--
210        Set android:launchMode="singleTop" so that the StripeBrowserLauncherActivity instance that
211        launched the browser Activity will also handle the return URL deep link.
212        -->
213        <activity
213-->[com.stripe:payments-core:20.34.4] AndroidManifest.xml:41:9-45:61
214            android:name="com.stripe.android.payments.StripeBrowserLauncherActivity"
214-->[com.stripe:payments-core:20.34.4] AndroidManifest.xml:42:13-85
215            android:exported="false"
215-->[com.stripe:payments-core:20.34.4] AndroidManifest.xml:43:13-37
216            android:launchMode="singleTask"
216-->[com.stripe:payments-core:20.34.4] AndroidManifest.xml:44:13-44
217            android:theme="@style/StripeTransparentTheme" />
217-->[com.stripe:payments-core:20.34.4] AndroidManifest.xml:45:13-58
218        <activity
218-->[com.stripe:payments-core:20.34.4] AndroidManifest.xml:46:9-63:20
219            android:name="com.stripe.android.payments.StripeBrowserProxyReturnActivity"
219-->[com.stripe:payments-core:20.34.4] AndroidManifest.xml:47:13-88
220            android:exported="true"
220-->[com.stripe:payments-core:20.34.4] AndroidManifest.xml:48:13-36
221            android:launchMode="singleTask"
221-->[com.stripe:payments-core:20.34.4] AndroidManifest.xml:49:13-44
222            android:theme="@style/StripeTransparentTheme" >
222-->[com.stripe:payments-core:20.34.4] AndroidManifest.xml:50:13-58
223            <intent-filter>
223-->[com.stripe:payments-core:20.34.4] AndroidManifest.xml:51:13-62:29
224                <action android:name="android.intent.action.VIEW" />
224-->[com.stripe:financial-connections:20.34.4] AndroidManifest.xml:14:13-65
224-->[com.stripe:financial-connections:20.34.4] AndroidManifest.xml:14:21-62
225
226                <category android:name="android.intent.category.DEFAULT" />
226-->[com.stripe:financial-connections:20.34.4] AndroidManifest.xml:28:17-76
226-->[com.stripe:financial-connections:20.34.4] AndroidManifest.xml:28:27-73
227                <category android:name="android.intent.category.BROWSABLE" />
227-->[com.stripe:financial-connections:20.34.4] AndroidManifest.xml:29:17-78
227-->[com.stripe:financial-connections:20.34.4] AndroidManifest.xml:29:27-75
228
229                <!-- Must match `DefaultReturnUrl#value`. -->
230                <data
230-->[com.stripe:financial-connections:20.34.4] AndroidManifest.xml:16:13-43
231                    android:host="payment_return_url"
232                    android:path="/com.soccerapp"
233                    android:scheme="stripesdk" />
233-->[com.stripe:financial-connections:20.34.4] AndroidManifest.xml:16:19-40
234            </intent-filter>
235        </activity>
236        <activity
236-->[com.stripe:payments-core:20.34.4] AndroidManifest.xml:64:9-67:57
237            android:name="com.stripe.android.payments.core.authentication.threeds2.Stripe3ds2TransactionActivity"
237-->[com.stripe:payments-core:20.34.4] AndroidManifest.xml:65:13-114
238            android:exported="false"
238-->[com.stripe:payments-core:20.34.4] AndroidManifest.xml:66:13-37
239            android:theme="@style/StripeDefaultTheme" />
239-->[com.stripe:payments-core:20.34.4] AndroidManifest.xml:67:13-54
240        <activity
240-->[com.stripe:payments-core:20.34.4] AndroidManifest.xml:68:9-71:66
241            android:name="com.stripe.android.googlepaylauncher.GooglePayLauncherActivity"
241-->[com.stripe:payments-core:20.34.4] AndroidManifest.xml:69:13-90
242            android:exported="false"
242-->[com.stripe:payments-core:20.34.4] AndroidManifest.xml:70:13-37
243            android:theme="@style/StripeGooglePayDefaultTheme" />
243-->[com.stripe:payments-core:20.34.4] AndroidManifest.xml:71:13-63
244        <activity
244-->[com.stripe:payments-core:20.34.4] AndroidManifest.xml:72:9-75:66
245            android:name="com.stripe.android.googlepaylauncher.GooglePayPaymentMethodLauncherActivity"
245-->[com.stripe:payments-core:20.34.4] AndroidManifest.xml:73:13-103
246            android:exported="false"
246-->[com.stripe:payments-core:20.34.4] AndroidManifest.xml:74:13-37
247            android:theme="@style/StripeGooglePayDefaultTheme" />
247-->[com.stripe:payments-core:20.34.4] AndroidManifest.xml:75:13-63
248        <activity
248-->[com.stripe:payments-core:20.34.4] AndroidManifest.xml:76:9-79:68
249            android:name="com.stripe.android.payments.paymentlauncher.PaymentLauncherConfirmationActivity"
249-->[com.stripe:payments-core:20.34.4] AndroidManifest.xml:77:13-107
250            android:exported="false"
250-->[com.stripe:payments-core:20.34.4] AndroidManifest.xml:78:13-37
251            android:theme="@style/StripePayLauncherDefaultTheme" />
251-->[com.stripe:payments-core:20.34.4] AndroidManifest.xml:79:13-65
252        <activity
252-->[com.stripe:payments-core:20.34.4] AndroidManifest.xml:80:9-83:61
253            android:name="com.stripe.android.payments.bankaccount.ui.CollectBankAccountActivity"
253-->[com.stripe:payments-core:20.34.4] AndroidManifest.xml:81:13-97
254            android:exported="false"
254-->[com.stripe:payments-core:20.34.4] AndroidManifest.xml:82:13-37
255            android:theme="@style/StripeTransparentTheme" />
255-->[com.stripe:payments-core:20.34.4] AndroidManifest.xml:83:13-58
256        <activity
256-->[com.stripe:stripe-3ds2-android:6.1.7] AndroidManifest.xml:8:9-11:54
257            android:name="com.stripe.android.stripe3ds2.views.ChallengeActivity"
257-->[com.stripe:stripe-3ds2-android:6.1.7] AndroidManifest.xml:9:13-81
258            android:exported="false"
258-->[com.stripe:stripe-3ds2-android:6.1.7] AndroidManifest.xml:10:13-37
259            android:theme="@style/Stripe3DS2Theme" /> <!-- Needs to be explicitly declared on P+ -->
259-->[com.stripe:stripe-3ds2-android:6.1.7] AndroidManifest.xml:11:13-51
260        <uses-library
260-->[com.google.android.gms:play-services-maps:18.0.2] AndroidManifest.xml:39:9-41:40
261            android:name="org.apache.http.legacy"
261-->[com.google.android.gms:play-services-maps:18.0.2] AndroidManifest.xml:40:13-50
262            android:required="false" />
262-->[com.google.android.gms:play-services-maps:18.0.2] AndroidManifest.xml:41:13-37
263
264        <activity
264-->[com.google.android.gms:play-services-base:18.0.1] AndroidManifest.xml:20:9-22:45
265            android:name="com.google.android.gms.common.api.GoogleApiActivity"
265-->[com.google.android.gms:play-services-base:18.0.1] AndroidManifest.xml:20:19-85
266            android:exported="false"
266-->[com.google.android.gms:play-services-base:18.0.1] AndroidManifest.xml:22:19-43
267            android:theme="@android:style/Theme.Translucent.NoTitleBar" />
267-->[com.google.android.gms:play-services-base:18.0.1] AndroidManifest.xml:21:19-78
268
269        <provider
269-->[androidx.emoji2:emoji2:1.3.0] AndroidManifest.xml:24:9-32:20
270            android:name="androidx.startup.InitializationProvider"
270-->[androidx.emoji2:emoji2:1.3.0] AndroidManifest.xml:25:13-67
271            android:authorities="com.soccerapp.androidx-startup"
271-->[androidx.emoji2:emoji2:1.3.0] AndroidManifest.xml:26:13-68
272            android:exported="false" >
272-->[androidx.emoji2:emoji2:1.3.0] AndroidManifest.xml:27:13-37
273            <meta-data
273-->[androidx.emoji2:emoji2:1.3.0] AndroidManifest.xml:29:13-31:52
274                android:name="androidx.emoji2.text.EmojiCompatInitializer"
274-->[androidx.emoji2:emoji2:1.3.0] AndroidManifest.xml:30:17-75
275                android:value="androidx.startup" />
275-->[androidx.emoji2:emoji2:1.3.0] AndroidManifest.xml:31:17-49
276            <meta-data
276-->[androidx.lifecycle:lifecycle-process:2.6.1] AndroidManifest.xml:29:13-31:52
277                android:name="androidx.lifecycle.ProcessLifecycleInitializer"
277-->[androidx.lifecycle:lifecycle-process:2.6.1] AndroidManifest.xml:30:17-78
278                android:value="androidx.startup" />